Mon Aug 29 21:04:39 PDT 2016 FINE: Time before in Constructor 0
Mon Aug 29 21:04:39 PDT 2016 INFO: Loading the Zip file...
Mon Aug 29 21:04:39 PDT 2016 FINE: Loading the cal.bin file...
Mon Aug 29 21:04:39 PDT 2016 INFO: Calibration command6
Mon Aug 29 21:04:39 PDT 2016 INFO: Calibration length64
Mon Aug 29 21:04:39 PDT 2016 INFO: --0th coefficeint -0.0783
Mon Aug 29 21:04:39 PDT 2016 INFO: --1th coefficeint 173.19
Mon Aug 29 21:04:39 PDT 2016 INFO: --2th coefficeint 0.0
Mon Aug 29 21:04:39 PDT 2016 INFO: --3th coefficeint 0.0
Mon Aug 29 21:04:39 PDT 2016 INFO: --4th coefficeint 0.0
Mon Aug 29 21:04:39 PDT 2016 INFO: --5th coefficeint 0.0
Mon Aug 29 21:04:39 PDT 2016 INFO: --6th coefficeint 1.0
Mon Aug 29 21:04:39 PDT 2016 INFO: --7th coefficeint 2.0
Mon Aug 29 21:04:39 PDT 2016 INFO: --8th coefficeint 3.0
Mon Aug 29 21:04:39 PDT 2016 INFO: --9th coefficeint 4.0
Mon Aug 29 21:04:39 PDT 2016 INFO: --10th coefficeint 5.0
Mon Aug 29 21:04:39 PDT 2016 INFO: --11th coefficeint 6.0
Mon Aug 29 21:04:39 PDT 2016 FINE: Successfully Loaded cal.bin file
Mon Aug 29 21:04:39 PDT 2016 FINE: Loading the data.bin file...
Mon Aug 29 21:04:39 PDT 2016 INFO: Starting PatientProcessingFrame.processDataFile()
Mon Aug 29 21:04:39 PDT 2016 FINE: Session StartHeader 12
Mon Aug 29 21:04:39 PDT 2016 FINE: lengthOfSession 310430
Mon Aug 29 21:04:39 PDT 2016 FINE: Resistive Samples 41034
Mon Aug 29 21:04:39 PDT 2016 FINE: Resistive Pages 244
Mon Aug 29 21:04:39 PDT 2016 FINE: Resistive Page Size 254
Mon Aug 29 21:04:39 PDT 2016 FINE: Last Resistive Page Size 65
Mon Aug 29 21:04:39 PDT 2016 FINE: Acceleration Samples 41034
Mon Aug 29 21:04:39 PDT 2016 FINE: Acceleration Pages 526
Mon Aug 29 21:04:39 PDT 2016 FINE: Acceleration Page Size 236
Mon Aug 29 21:04:39 PDT 2016 FINE: Last Acceleration Page Size 20
Mon Aug 29 21:04:39 PDT 2016 FINE: Gyro Samples 20517
Mon Aug 29 21:04:39 PDT 2016 FINE: Gyro Pages 526
Mon Aug 29 21:04:39 PDT 2016 FINE: Gyro Page Size 236
Mon Aug 29 21:04:39 PDT 2016 FINE: Last Gyro Page Size 20
Mon Aug 29 21:04:39 PDT 2016 FINE: Patient Marker Num 11
Mon Aug 29 21:04:39 PDT 2016 FINE: Restart Marker 0
Mon Aug 29 21:04:39 PDT 2016 FINE: Crc 36766
Mon Aug 29 21:04:39 PDT 2016 FINE: checking clockwise Resistive data match success: true
Mon Aug 29 21:04:39 PDT 2016 FINE: calculated number of resistives41034
Mon Aug 29 21:04:39 PDT 2016 FINE: checking clockwise Resistive data match success: true
Mon Aug 29 21:04:39 PDT 2016 FINE: calculated number of resistives41034
Mon Aug 29 21:04:39 PDT 2016 FINE: Actual acceleration page size: 41034
Mon Aug 29 21:04:39 PDT 2016 FINE: checking Acceleration data match success: 41034
Mon Aug 29 21:04:39 PDT 2016 FINE: checking gyro data match success: true
Mon Aug 29 21:04:39 PDT 2016 FINE: patientMarkerSampleIndex138570
Mon Aug 29 21:04:39 PDT 2016 FINE: restartSampleIndex1064675
Mon Aug 29 21:04:39 PDT 2016 FINE: Completed PatientProcessingFrame.processDataFile()
Mon Aug 29 21:04:39 PDT 2016 FINE: Successfully Loaded data.bin file
Mon Aug 29 21:04:39 PDT 2016 FINE: Loading the notes.txt file...
Mon Aug 29 21:04:39 PDT 2016 FINE: Starting PatientProcessingFrame.processAnswers()
Mon Aug 29 21:04:39 PDT 2016 FINE: Ending PatientProcessingFrame.processAnswers()
Mon Aug 29 21:04:39 PDT 2016 FINE: Successfully Loaded notes.txt file
Mon Aug 29 21:04:39 PDT 2016 FINE: Loading the photo.jpg file...
Mon Aug 29 21:04:39 PDT 2016 FINE: Successfully Loaded photo.jpg file
Mon Aug 29 21:04:39 PDT 2016 FINE: Done
Mon Aug 29 21:04:39 PDT 2016 FINE: Time for processing incoming file 511
Mon Aug 29 21:04:39 PDT 2016 INFO: Loading from Database for sensorID...JM000006
Mon Aug 29 21:04:40 PDT 2016 FINE: Weeks179
Mon Aug 29 21:04:40 PDT 2016 FINE: Time for fetching from database 719
Mon Aug 29 21:04:44 PDT 2016 FINE: Starting the phase to get SensorData
Mon Aug 29 21:04:45 PDT 2016 FINE: Completed to fetch SensorData
Mon Aug 29 21:04:46 PDT 2016 FINE: Time for CalibrateData 300
Mon Aug 29 21:05:06 PDT 2016 FINE: Time for ClassifyData 20400
Mon Aug 29 21:05:06 PDT 2016 INFO: Time for Excursions 177
Mon Aug 29 21:05:06 PDT 2016 FINE: Max Flexion 115
Mon Aug 29 21:05:06 PDT 2016 FINE: Max Extension 6
Mon Aug 29 21:05:06 PDT 2016 FINE: Excursions per hour 3369
Mon Aug 29 21:05:06 PDT 2016 FINE: Modal Exursions 65
Mon Aug 29 21:05:06 PDT 2016 FINE: Time taken by Matlab execution 26278
Mon Aug 29 21:05:06 PDT 2016 INFO: Generating the PDF Report...
Mon Aug 29 21:05:06 PDT 2016 FINE: AlertNorms Values 18.25 Y Y Y 5.0 5.0 N Y Y
Mon Aug 29 21:05:06 PDT 2016 FINE: Printing the alerts
Mon Aug 29 21:05:06 PDT 2016 FINE: Pain rating outside normal limits
Mon Aug 29 21:05:06 PDT 2016 FINE: Patient Stability below Normal
Mon Aug 29 21:05:06 PDT 2016 FINE: Trouble while Negotiating Stairs
Mon Aug 29 21:05:06 PDT 2016 FINE: Patient not performing exercises
Mon Aug 29 21:05:06 PDT 2016 FINE: Completed Alert Strings
Mon Aug 29 21:05:07 PDT 2016 SEVERE: Found error java.lang.ArrayIndexOutOfBoundsException: 8
Mon Aug 29 21:05:07 PDT 2016 FINE: Time to generate the report file 570
Mon Aug 29 21:05:07 PDT 2016 INFO: Completed the call
Mon Aug 29 21:05:07 PDT 2016 FINE: Total time taken is 28078
Mon Aug 29 21:05:07 PDT 2016 SEVERE: Error Description: Ran out of memory for the full feature matrix
