Thu Aug 11 23:57:26 PDT 2016 FINE: Time before in Constructor 1
Thu Aug 11 23:57:26 PDT 2016 INFO: Loading the Zip file...
Thu Aug 11 23:57:26 PDT 2016 FINE: Loading the cal.bin file...
Thu Aug 11 23:57:26 PDT 2016 INFO: Calibration command6
Thu Aug 11 23:57:26 PDT 2016 INFO: Calibration length64
Thu Aug 11 23:57:26 PDT 2016 INFO: --0th coefficeint -0.0783
Thu Aug 11 23:57:26 PDT 2016 INFO: --1th coefficeint 173.19
Thu Aug 11 23:57:26 PDT 2016 INFO: --2th coefficeint 0.0
Thu Aug 11 23:57:26 PDT 2016 INFO: --3th coefficeint 0.0
Thu Aug 11 23:57:26 PDT 2016 INFO: --4th coefficeint 0.0
Thu Aug 11 23:57:26 PDT 2016 INFO: --5th coefficeint 0.0
Thu Aug 11 23:57:26 PDT 2016 INFO: --6th coefficeint 1.0
Thu Aug 11 23:57:26 PDT 2016 INFO: --7th coefficeint 2.0
Thu Aug 11 23:57:26 PDT 2016 INFO: --8th coefficeint 3.0
Thu Aug 11 23:57:26 PDT 2016 INFO: --9th coefficeint 4.0
Thu Aug 11 23:57:26 PDT 2016 INFO: --10th coefficeint 5.0
Thu Aug 11 23:57:26 PDT 2016 INFO: --11th coefficeint 6.0
Thu Aug 11 23:57:26 PDT 2016 FINE: Successfully Loaded cal.bin file
Thu Aug 11 23:57:27 PDT 2016 FINE: Loading the data.bin file...
Thu Aug 11 23:57:27 PDT 2016 INFO: Starting PatientProcessingFrame.processDataFile()
Thu Aug 11 23:57:27 PDT 2016 FINE: Session StartHeader 12
Thu Aug 11 23:57:27 PDT 2016 FINE: lengthOfSession 310430
Thu Aug 11 23:57:27 PDT 2016 FINE: Resistive Samples 41034
Thu Aug 11 23:57:27 PDT 2016 FINE: Resistive Pages 244
Thu Aug 11 23:57:27 PDT 2016 FINE: Resistive Page Size 254
Thu Aug 11 23:57:27 PDT 2016 FINE: Last Resistive Page Size 65
Thu Aug 11 23:57:27 PDT 2016 FINE: Acceleration Samples 41034
Thu Aug 11 23:57:27 PDT 2016 FINE: Acceleration Pages 526
Thu Aug 11 23:57:27 PDT 2016 FINE: Acceleration Page Size 236
Thu Aug 11 23:57:27 PDT 2016 FINE: Last Acceleration Page Size 20
Thu Aug 11 23:57:27 PDT 2016 FINE: Gyro Samples 20517
Thu Aug 11 23:57:27 PDT 2016 FINE: Gyro Pages 526
Thu Aug 11 23:57:27 PDT 2016 FINE: Gyro Page Size 236
Thu Aug 11 23:57:27 PDT 2016 FINE: Last Gyro Page Size 20
Thu Aug 11 23:57:27 PDT 2016 FINE: Patient Marker Num 11
Thu Aug 11 23:57:27 PDT 2016 FINE: Restart Marker 0
Thu Aug 11 23:57:27 PDT 2016 FINE: Crc 36766
Thu Aug 11 23:57:27 PDT 2016 FINE: checking clockwise Resistive data match success: true
Thu Aug 11 23:57:27 PDT 2016 FINE: calculated number of resistives41034
Thu Aug 11 23:57:27 PDT 2016 FINE: checking clockwise Resistive data match success: true
Thu Aug 11 23:57:27 PDT 2016 FINE: calculated number of resistives41034
Thu Aug 11 23:57:27 PDT 2016 FINE: Actual acceleration page size: 41034
Thu Aug 11 23:57:27 PDT 2016 FINE: checking Acceleration data match success: 41034
Thu Aug 11 23:57:27 PDT 2016 FINE: checking gyro data match success: true
Thu Aug 11 23:57:27 PDT 2016 FINE: patientMarkerSampleIndex138570
Thu Aug 11 23:57:27 PDT 2016 FINE: restartSampleIndex1064675
Thu Aug 11 23:57:27 PDT 2016 FINE: Completed PatientProcessingFrame.processDataFile()
Thu Aug 11 23:57:27 PDT 2016 FINE: Successfully Loaded data.bin file
Thu Aug 11 23:57:27 PDT 2016 FINE: Loading the notes.txt file...
Thu Aug 11 23:57:27 PDT 2016 FINE: Starting PatientProcessingFrame.processAnswers()
Thu Aug 11 23:57:27 PDT 2016 FINE: Ending PatientProcessingFrame.processAnswers()
Thu Aug 11 23:57:27 PDT 2016 FINE: Successfully Loaded notes.txt file
Thu Aug 11 23:57:27 PDT 2016 FINE: Loading the photo.jpg file...
Thu Aug 11 23:57:27 PDT 2016 FINE: Successfully Loaded photo.jpg file
Thu Aug 11 23:57:27 PDT 2016 FINE: Done
Thu Aug 11 23:57:27 PDT 2016 FINE: Time for processing incoming file 542
Thu Aug 11 23:57:27 PDT 2016 INFO: Loading from Database for sensorID...JM000006
Thu Aug 11 23:57:27 PDT 2016 FINE: Weeks179
Thu Aug 11 23:57:27 PDT 2016 FINE: Time for fetching from database 703
Thu Aug 11 23:57:33 PDT 2016 FINE: Starting the phase to get SensorData
Thu Aug 11 23:57:34 PDT 2016 FINE: Completed to fetch SensorData
Thu Aug 11 23:57:34 PDT 2016 FINE: Time for CalibrateData 257
Thu Aug 11 23:57:52 PDT 2016 FINE: Time for ClassifyData 18138
Thu Aug 11 23:57:52 PDT 2016 INFO: Time for Excursions 180
Thu Aug 11 23:57:52 PDT 2016 FINE: Max Flexion 115
Thu Aug 11 23:57:52 PDT 2016 FINE: Max Extension 6
Thu Aug 11 23:57:52 PDT 2016 FINE: Excursions per hour 3369
Thu Aug 11 23:57:52 PDT 2016 FINE: Modal Exursions 65
Thu Aug 11 23:57:52 PDT 2016 FINE: Time taken by Matlab execution 24925
Thu Aug 11 23:57:52 PDT 2016 INFO: Generating the PDF Report...
Thu Aug 11 23:57:52 PDT 2016 FINE: AlertNorms Values 18.25 Y Y Y 5.0 5.0 N Y Y
Thu Aug 11 23:57:52 PDT 2016 FINE: Printing the alerts
Thu Aug 11 23:57:52 PDT 2016 FINE: Pain rating outside normal limits
Thu Aug 11 23:57:52 PDT 2016 FINE: Patient Stability below Normal
Thu Aug 11 23:57:52 PDT 2016 FINE: Trouble while Negotiating Stairs
Thu Aug 11 23:57:52 PDT 2016 FINE: Patient not performing exercises
Thu Aug 11 23:57:52 PDT 2016 FINE: Completed Alert Strings
Thu Aug 11 23:57:53 PDT 2016 FINE: Time to generate the report file 498
Thu Aug 11 23:57:53 PDT 2016 INFO: Not saving the report as previous report of the same week exists
Thu Aug 11 23:57:53 PDT 2016 FINE: Time to save report 25
Thu Aug 11 23:57:53 PDT 2016 INFO: Completed the call
Thu Aug 11 23:57:53 PDT 2016 FINE: Total time taken is 26694
Thu Aug 11 23:57:53 PDT 2016 INFO:  Successfully executed 
