Tue Aug 09 22:40:23 PDT 2016 FINE: Time before in Constructor 1
Tue Aug 09 22:40:23 PDT 2016 INFO: Loading the Zip file...
Tue Aug 09 22:40:23 PDT 2016 FINE: Loading the cal.bin file...
Tue Aug 09 22:40:23 PDT 2016 INFO: Calibration command6
Tue Aug 09 22:40:23 PDT 2016 INFO: Calibration length64
Tue Aug 09 22:40:23 PDT 2016 INFO: --0th coefficeint -0.0802
Tue Aug 09 22:40:23 PDT 2016 INFO: --1th coefficeint 176.44
Tue Aug 09 22:40:23 PDT 2016 INFO: --2th coefficeint 0.0
Tue Aug 09 22:40:23 PDT 2016 INFO: --3th coefficeint 0.0
Tue Aug 09 22:40:23 PDT 2016 INFO: --4th coefficeint 0.0
Tue Aug 09 22:40:23 PDT 2016 INFO: --5th coefficeint 0.0
Tue Aug 09 22:40:23 PDT 2016 INFO: --6th coefficeint 1.0
Tue Aug 09 22:40:23 PDT 2016 INFO: --7th coefficeint 2.0
Tue Aug 09 22:40:23 PDT 2016 INFO: --8th coefficeint 3.0
Tue Aug 09 22:40:23 PDT 2016 INFO: --9th coefficeint 4.0
Tue Aug 09 22:40:23 PDT 2016 INFO: --10th coefficeint 5.0
Tue Aug 09 22:40:23 PDT 2016 INFO: --11th coefficeint 6.0
Tue Aug 09 22:40:24 PDT 2016 FINE: Successfully Loaded cal.bin file
Tue Aug 09 22:40:24 PDT 2016 FINE: Loading the data.bin file...
Tue Aug 09 22:40:24 PDT 2016 INFO: Starting PatientProcessingFrame.processDataFile()
Tue Aug 09 22:40:24 PDT 2016 FINE: Session StartHeader 12
Tue Aug 09 22:40:24 PDT 2016 FINE: lengthOfSession 1395269
Tue Aug 09 22:40:24 PDT 2016 FINE: Resistive Samples 184476
Tue Aug 09 22:40:24 PDT 2016 FINE: Resistive Pages 1098
Tue Aug 09 22:40:24 PDT 2016 FINE: Resistive Page Size 254
Tue Aug 09 22:40:24 PDT 2016 FINE: Last Resistive Page Size 20
Tue Aug 09 22:40:24 PDT 2016 FINE: Acceleration Samples 184476
Tue Aug 09 22:40:24 PDT 2016 FINE: Acceleration Pages 2365
Tue Aug 09 22:40:24 PDT 2016 FINE: Acceleration Page Size 236
Tue Aug 09 22:40:24 PDT 2016 FINE: Last Acceleration Page Size 20
Tue Aug 09 22:40:24 PDT 2016 FINE: Gyro Samples 92238
Tue Aug 09 22:40:24 PDT 2016 FINE: Gyro Pages 2365
Tue Aug 09 22:40:24 PDT 2016 FINE: Gyro Page Size 236
Tue Aug 09 22:40:24 PDT 2016 FINE: Last Gyro Page Size 20
Tue Aug 09 22:40:24 PDT 2016 FINE: Patient Marker Num 1
Tue Aug 09 22:40:24 PDT 2016 FINE: Restart Marker 0
Tue Aug 09 22:40:24 PDT 2016 FINE: Crc 63550
Tue Aug 09 22:40:24 PDT 2016 FINE: checking clockwise Resistive data match success: true
Tue Aug 09 22:40:24 PDT 2016 FINE: calculated number of resistives184476
Tue Aug 09 22:40:24 PDT 2016 FINE: checking clockwise Resistive data match success: true
Tue Aug 09 22:40:24 PDT 2016 FINE: calculated number of resistives184476
Tue Aug 09 22:40:24 PDT 2016 FINE: Actual acceleration page size: 184476
Tue Aug 09 22:40:24 PDT 2016 FINE: checking Acceleration data match success: 184476
Tue Aug 09 22:40:24 PDT 2016 FINE: checking gyro data match success: true
Tue Aug 09 22:40:24 PDT 2016 FINE: patientMarkerSampleIndex4294967295
Tue Aug 09 22:40:24 PDT 2016 FINE: restartSampleIndex4294967295
Tue Aug 09 22:40:24 PDT 2016 FINE: Completed PatientProcessingFrame.processDataFile()
Tue Aug 09 22:40:24 PDT 2016 FINE: Successfully Loaded data.bin file
Tue Aug 09 22:40:24 PDT 2016 FINE: Loading the notes.txt file...
Tue Aug 09 22:40:24 PDT 2016 FINE: Starting PatientProcessingFrame.processAnswers()
Tue Aug 09 22:40:24 PDT 2016 FINE: Ending PatientProcessingFrame.processAnswers()
Tue Aug 09 22:40:24 PDT 2016 FINE: Successfully Loaded notes.txt file
Tue Aug 09 22:40:24 PDT 2016 FINE: Loading the photo.jpg file...
Tue Aug 09 22:40:24 PDT 2016 FINE: Successfully Loaded photo.jpg file
Tue Aug 09 22:40:24 PDT 2016 FINE: Done
Tue Aug 09 22:40:24 PDT 2016 FINE: Time for processing incoming file 714
Tue Aug 09 22:40:24 PDT 2016 INFO: Loading from Database for sensorID...20121
Tue Aug 09 22:40:25 PDT 2016 FINE: Weeks177
Tue Aug 09 22:40:25 PDT 2016 FINE: Time for fetching from database 787
Tue Aug 09 22:40:31 PDT 2016 FINE: Starting the phase to get SensorData
Tue Aug 09 22:40:34 PDT 2016 FINE: Completed to fetch SensorData
Tue Aug 09 22:40:35 PDT 2016 FINE: Time for CalibrateData 429
Tue Aug 09 22:41:37 PDT 2016 FINE: Time for ClassifyData 61682
Tue Aug 09 22:41:37 PDT 2016 INFO: Time for Excursions 396
Tue Aug 09 22:41:37 PDT 2016 FINE: Max Flexion 109
Tue Aug 09 22:41:37 PDT 2016 FINE: Max Extension 20
Tue Aug 09 22:41:37 PDT 2016 FINE: Excursions per hour 2564
Tue Aug 09 22:41:37 PDT 2016 FINE: Modal Exursions 48
Tue Aug 09 22:41:37 PDT 2016 FINE: Time taken by Matlab execution 72110
Tue Aug 09 22:41:37 PDT 2016 INFO: Generating the PDF Report...
Tue Aug 09 22:41:37 PDT 2016 FINE: AlertNorms Values 18.25 Y Y Y 5.0 5.0 N Y Y
Tue Aug 09 22:41:37 PDT 2016 FINE: Printing the alerts
Tue Aug 09 22:41:37 PDT 2016 FINE: Pain rating outside normal limits
Tue Aug 09 22:41:37 PDT 2016 FINE: Patient Stability below Normal
Tue Aug 09 22:41:37 PDT 2016 FINE: Trouble while Negotiating Stairs
Tue Aug 09 22:41:37 PDT 2016 FINE: Patient not performing exercises
Tue Aug 09 22:41:37 PDT 2016 FINE: Walking has decreased
Tue Aug 09 22:41:37 PDT 2016 FINE: Patient Reduced Bike usage
Tue Aug 09 22:41:37 PDT 2016 FINE: Completed Alert Strings
Tue Aug 09 22:41:38 PDT 2016 FINE: Time to generate the report file 690
Tue Aug 09 22:41:38 PDT 2016 INFO: Not saving the report as previous report of the same week exists
Tue Aug 09 22:41:38 PDT 2016 FINE: Time to save report 26
Tue Aug 09 22:41:38 PDT 2016 INFO: Completed the call
Tue Aug 09 22:41:38 PDT 2016 FINE: Total time taken is 74328
Tue Aug 09 22:41:38 PDT 2016 INFO:  Successfully executed 
