Fri Aug 26 17:05:46 PDT 2016 FINE: Time before in Constructor 0
Fri Aug 26 17:05:46 PDT 2016 INFO: Loading the Zip file...
Fri Aug 26 17:05:46 PDT 2016 FINE: Loading the cal.bin file...
Fri Aug 26 17:05:46 PDT 2016 INFO: Calibration command6
Fri Aug 26 17:05:46 PDT 2016 INFO: Calibration length64
Fri Aug 26 17:05:46 PDT 2016 INFO: --0th coefficeint -0.0783
Fri Aug 26 17:05:46 PDT 2016 INFO: --1th coefficeint 173.19
Fri Aug 26 17:05:46 PDT 2016 INFO: --2th coefficeint 0.0
Fri Aug 26 17:05:46 PDT 2016 INFO: --3th coefficeint 0.0
Fri Aug 26 17:05:46 PDT 2016 INFO: --4th coefficeint 0.0
Fri Aug 26 17:05:46 PDT 2016 INFO: --5th coefficeint 0.0
Fri Aug 26 17:05:46 PDT 2016 INFO: --6th coefficeint 1.0
Fri Aug 26 17:05:46 PDT 2016 INFO: --7th coefficeint 2.0
Fri Aug 26 17:05:46 PDT 2016 INFO: --8th coefficeint 3.0
Fri Aug 26 17:05:46 PDT 2016 INFO: --9th coefficeint 4.0
Fri Aug 26 17:05:46 PDT 2016 INFO: --10th coefficeint 5.0
Fri Aug 26 17:05:46 PDT 2016 INFO: --11th coefficeint 6.0
Fri Aug 26 17:05:47 PDT 2016 FINE: Successfully Loaded cal.bin file
Fri Aug 26 17:05:47 PDT 2016 FINE: Loading the data.bin file...
Fri Aug 26 17:05:47 PDT 2016 INFO: Starting PatientProcessingFrame.processDataFile()
Fri Aug 26 17:05:47 PDT 2016 FINE: Session StartHeader 12
Fri Aug 26 17:05:47 PDT 2016 FINE: lengthOfSession 310430
Fri Aug 26 17:05:47 PDT 2016 FINE: Resistive Samples 41034
Fri Aug 26 17:05:47 PDT 2016 FINE: Resistive Pages 244
Fri Aug 26 17:05:47 PDT 2016 FINE: Resistive Page Size 254
Fri Aug 26 17:05:47 PDT 2016 FINE: Last Resistive Page Size 65
Fri Aug 26 17:05:47 PDT 2016 FINE: Acceleration Samples 41034
Fri Aug 26 17:05:47 PDT 2016 FINE: Acceleration Pages 526
Fri Aug 26 17:05:47 PDT 2016 FINE: Acceleration Page Size 236
Fri Aug 26 17:05:47 PDT 2016 FINE: Last Acceleration Page Size 20
Fri Aug 26 17:05:47 PDT 2016 FINE: Gyro Samples 20517
Fri Aug 26 17:05:47 PDT 2016 FINE: Gyro Pages 526
Fri Aug 26 17:05:47 PDT 2016 FINE: Gyro Page Size 236
Fri Aug 26 17:05:47 PDT 2016 FINE: Last Gyro Page Size 20
Fri Aug 26 17:05:47 PDT 2016 FINE: Patient Marker Num 11
Fri Aug 26 17:05:47 PDT 2016 FINE: Restart Marker 0
Fri Aug 26 17:05:47 PDT 2016 FINE: Crc 36766
Fri Aug 26 17:05:47 PDT 2016 FINE: checking clockwise Resistive data match success: true
Fri Aug 26 17:05:47 PDT 2016 FINE: calculated number of resistives41034
Fri Aug 26 17:05:47 PDT 2016 FINE: checking clockwise Resistive data match success: true
Fri Aug 26 17:05:47 PDT 2016 FINE: calculated number of resistives41034
Fri Aug 26 17:05:47 PDT 2016 FINE: Actual acceleration page size: 41034
Fri Aug 26 17:05:47 PDT 2016 FINE: checking Acceleration data match success: 41034
Fri Aug 26 17:05:47 PDT 2016 FINE: checking gyro data match success: true
Fri Aug 26 17:05:47 PDT 2016 FINE: patientMarkerSampleIndex138570
Fri Aug 26 17:05:47 PDT 2016 FINE: restartSampleIndex1064675
Fri Aug 26 17:05:47 PDT 2016 FINE: Completed PatientProcessingFrame.processDataFile()
Fri Aug 26 17:05:47 PDT 2016 FINE: Successfully Loaded data.bin file
Fri Aug 26 17:05:47 PDT 2016 FINE: Loading the notes.txt file...
Fri Aug 26 17:05:47 PDT 2016 FINE: Starting PatientProcessingFrame.processAnswers()
Fri Aug 26 17:05:47 PDT 2016 FINE: Ending PatientProcessingFrame.processAnswers()
Fri Aug 26 17:05:47 PDT 2016 FINE: Successfully Loaded notes.txt file
Fri Aug 26 17:05:47 PDT 2016 FINE: Loading the photo.jpg file...
Fri Aug 26 17:05:47 PDT 2016 FINE: Successfully Loaded photo.jpg file
Fri Aug 26 17:05:47 PDT 2016 FINE: Done
Fri Aug 26 17:05:47 PDT 2016 FINE: Time for processing incoming file 522
Fri Aug 26 17:05:47 PDT 2016 INFO: Loading from Database for sensorID...JM000006
Fri Aug 26 17:05:47 PDT 2016 FINE: Weeks179
Fri Aug 26 17:05:47 PDT 2016 FINE: Time for fetching from database 712
Fri Aug 26 17:05:52 PDT 2016 FINE: Starting the phase to get SensorData
Fri Aug 26 17:05:53 PDT 2016 FINE: Completed to fetch SensorData
Fri Aug 26 17:05:53 PDT 2016 FINE: Time for CalibrateData 248
Fri Aug 26 17:06:14 PDT 2016 FINE: Time for ClassifyData 20265
Fri Aug 26 17:06:14 PDT 2016 INFO: Time for Excursions 172
Fri Aug 26 17:06:14 PDT 2016 FINE: Max Flexion 115
Fri Aug 26 17:06:14 PDT 2016 FINE: Max Extension 6
Fri Aug 26 17:06:14 PDT 2016 FINE: Excursions per hour 3369
Fri Aug 26 17:06:14 PDT 2016 FINE: Modal Exursions 65
Fri Aug 26 17:06:14 PDT 2016 FINE: Time taken by Matlab execution 26286
Fri Aug 26 17:06:14 PDT 2016 INFO: Generating the PDF Report...
Fri Aug 26 17:06:14 PDT 2016 FINE: AlertNorms Values 18.25 Y Y Y 5.0 5.0 N Y Y
Fri Aug 26 17:06:14 PDT 2016 FINE: Printing the alerts
Fri Aug 26 17:06:14 PDT 2016 FINE: Pain rating outside normal limits
Fri Aug 26 17:06:14 PDT 2016 FINE: Patient Stability below Normal
Fri Aug 26 17:06:14 PDT 2016 FINE: Trouble while Negotiating Stairs
Fri Aug 26 17:06:14 PDT 2016 FINE: Patient not performing exercises
Fri Aug 26 17:06:14 PDT 2016 FINE: Completed Alert Strings
Fri Aug 26 17:06:14 PDT 2016 FINE: Time to generate the report file 592
Fri Aug 26 17:06:14 PDT 2016 INFO: Not saving the report as previous report of the same week exists
Fri Aug 26 17:06:14 PDT 2016 FINE: Time to save report 28
Fri Aug 26 17:06:14 PDT 2016 INFO: Completed the call
Fri Aug 26 17:06:14 PDT 2016 FINE: Total time taken is 28140
Fri Aug 26 17:06:14 PDT 2016 INFO:  Successfully executed 
