Wed Aug 17 20:03:08 PDT 2016 FINE: Time before in Constructor 1
Wed Aug 17 20:03:08 PDT 2016 INFO: Loading the Zip file...
Wed Aug 17 20:03:08 PDT 2016 FINE: Loading the cal.bin file...
Wed Aug 17 20:03:08 PDT 2016 INFO: Calibration command6
Wed Aug 17 20:03:08 PDT 2016 INFO: Calibration length64
Wed Aug 17 20:03:08 PDT 2016 INFO: --0th coefficeint -0.0783
Wed Aug 17 20:03:08 PDT 2016 INFO: --1th coefficeint 173.19
Wed Aug 17 20:03:08 PDT 2016 INFO: --2th coefficeint 0.0
Wed Aug 17 20:03:08 PDT 2016 INFO: --3th coefficeint 0.0
Wed Aug 17 20:03:08 PDT 2016 INFO: --4th coefficeint 0.0
Wed Aug 17 20:03:08 PDT 2016 INFO: --5th coefficeint 0.0
Wed Aug 17 20:03:08 PDT 2016 INFO: --6th coefficeint 1.0
Wed Aug 17 20:03:08 PDT 2016 INFO: --7th coefficeint 2.0
Wed Aug 17 20:03:08 PDT 2016 INFO: --8th coefficeint 3.0
Wed Aug 17 20:03:08 PDT 2016 INFO: --9th coefficeint 4.0
Wed Aug 17 20:03:08 PDT 2016 INFO: --10th coefficeint 5.0
Wed Aug 17 20:03:08 PDT 2016 INFO: --11th coefficeint 6.0
Wed Aug 17 20:03:10 PDT 2016 FINE: Successfully Loaded cal.bin file
Wed Aug 17 20:03:10 PDT 2016 FINE: Loading the data.bin file...
Wed Aug 17 20:03:10 PDT 2016 INFO: Starting PatientProcessingFrame.processDataFile()
Wed Aug 17 20:03:10 PDT 2016 FINE: Session StartHeader 12
Wed Aug 17 20:03:10 PDT 2016 FINE: lengthOfSession 310430
Wed Aug 17 20:03:10 PDT 2016 FINE: Resistive Samples 41034
Wed Aug 17 20:03:10 PDT 2016 FINE: Resistive Pages 244
Wed Aug 17 20:03:10 PDT 2016 FINE: Resistive Page Size 254
Wed Aug 17 20:03:10 PDT 2016 FINE: Last Resistive Page Size 65
Wed Aug 17 20:03:10 PDT 2016 FINE: Acceleration Samples 41034
Wed Aug 17 20:03:10 PDT 2016 FINE: Acceleration Pages 526
Wed Aug 17 20:03:10 PDT 2016 FINE: Acceleration Page Size 236
Wed Aug 17 20:03:10 PDT 2016 FINE: Last Acceleration Page Size 20
Wed Aug 17 20:03:10 PDT 2016 FINE: Gyro Samples 20517
Wed Aug 17 20:03:10 PDT 2016 FINE: Gyro Pages 526
Wed Aug 17 20:03:10 PDT 2016 FINE: Gyro Page Size 236
Wed Aug 17 20:03:10 PDT 2016 FINE: Last Gyro Page Size 20
Wed Aug 17 20:03:10 PDT 2016 FINE: Patient Marker Num 11
Wed Aug 17 20:03:10 PDT 2016 FINE: Restart Marker 0
Wed Aug 17 20:03:10 PDT 2016 FINE: Crc 36766
Wed Aug 17 20:03:10 PDT 2016 FINE: checking clockwise Resistive data match success: true
Wed Aug 17 20:03:10 PDT 2016 FINE: calculated number of resistives41034
Wed Aug 17 20:03:10 PDT 2016 FINE: checking clockwise Resistive data match success: true
Wed Aug 17 20:03:10 PDT 2016 FINE: calculated number of resistives41034
Wed Aug 17 20:03:10 PDT 2016 FINE: Actual acceleration page size: 41034
Wed Aug 17 20:03:10 PDT 2016 FINE: checking Acceleration data match success: 41034
Wed Aug 17 20:03:10 PDT 2016 FINE: checking gyro data match success: true
Wed Aug 17 20:03:10 PDT 2016 FINE: patientMarkerSampleIndex138570
Wed Aug 17 20:03:10 PDT 2016 FINE: restartSampleIndex1064675
Wed Aug 17 20:03:10 PDT 2016 FINE: Completed PatientProcessingFrame.processDataFile()
Wed Aug 17 20:03:10 PDT 2016 FINE: Successfully Loaded data.bin file
Wed Aug 17 20:03:10 PDT 2016 FINE: Loading the notes.txt file...
Wed Aug 17 20:03:10 PDT 2016 FINE: Starting PatientProcessingFrame.processAnswers()
Wed Aug 17 20:03:10 PDT 2016 FINE: Ending PatientProcessingFrame.processAnswers()
Wed Aug 17 20:03:10 PDT 2016 FINE: Successfully Loaded notes.txt file
Wed Aug 17 20:03:10 PDT 2016 FINE: Loading the photo.jpg file...
Wed Aug 17 20:03:10 PDT 2016 FINE: Successfully Loaded photo.jpg file
Wed Aug 17 20:03:10 PDT 2016 FINE: Done
Wed Aug 17 20:03:10 PDT 2016 FINE: Time for processing incoming file 2040
Wed Aug 17 20:03:10 PDT 2016 INFO: Loading from Database for sensorID...JM000006
Wed Aug 17 20:03:11 PDT 2016 FINE: Weeks179
Wed Aug 17 20:03:11 PDT 2016 FINE: Time for fetching from database 816
Wed Aug 17 20:03:38 PDT 2016 FINE: Starting the phase to get SensorData
Wed Aug 17 20:03:39 PDT 2016 FINE: Completed to fetch SensorData
Wed Aug 17 20:03:39 PDT 2016 FINE: Time for CalibrateData 312
Wed Aug 17 20:04:00 PDT 2016 FINE: Time for ClassifyData 20745
Wed Aug 17 20:04:00 PDT 2016 INFO: Time for Excursions 176
Wed Aug 17 20:04:00 PDT 2016 FINE: Max Flexion 115
Wed Aug 17 20:04:00 PDT 2016 FINE: Max Extension 6
Wed Aug 17 20:04:00 PDT 2016 FINE: Excursions per hour 3369
Wed Aug 17 20:04:00 PDT 2016 FINE: Modal Exursions 65
Wed Aug 17 20:04:00 PDT 2016 FINE: Time taken by Matlab execution 49454
Wed Aug 17 20:04:00 PDT 2016 INFO: Generating the PDF Report...
Wed Aug 17 20:04:01 PDT 2016 FINE: AlertNorms Values 18.25 Y Y Y 5.0 5.0 N Y Y
Wed Aug 17 20:04:01 PDT 2016 FINE: Printing the alerts
Wed Aug 17 20:04:01 PDT 2016 FINE: Pain rating outside normal limits
Wed Aug 17 20:04:01 PDT 2016 FINE: Patient Stability below Normal
Wed Aug 17 20:04:01 PDT 2016 FINE: Trouble while Negotiating Stairs
Wed Aug 17 20:04:01 PDT 2016 FINE: Patient not performing exercises
Wed Aug 17 20:04:01 PDT 2016 FINE: Completed Alert Strings
Wed Aug 17 20:04:01 PDT 2016 FINE: Time to generate the report file 696
Wed Aug 17 20:04:01 PDT 2016 INFO: Not saving the report as previous report of the same week exists
Wed Aug 17 20:04:01 PDT 2016 FINE: Time to save report 25
Wed Aug 17 20:04:01 PDT 2016 INFO: Completed the call
Wed Aug 17 20:04:01 PDT 2016 FINE: Total time taken is 53032
Wed Aug 17 20:04:01 PDT 2016 INFO:  Successfully executed 
