Thu Aug 04 12:38:10 PDT 2016 FINE: Time before in Constructor 1
Thu Aug 04 12:38:10 PDT 2016 INFO: Loading the Zip file...
Thu Aug 04 12:38:10 PDT 2016 FINE: Loading the cal.bin file...
Thu Aug 04 12:38:10 PDT 2016 INFO: Calibration command6
Thu Aug 04 12:38:10 PDT 2016 INFO: Calibration length64
Thu Aug 04 12:38:10 PDT 2016 INFO: --0th coefficeint -0.0802
Thu Aug 04 12:38:10 PDT 2016 INFO: --1th coefficeint 176.44
Thu Aug 04 12:38:10 PDT 2016 INFO: --2th coefficeint 0.0
Thu Aug 04 12:38:10 PDT 2016 INFO: --3th coefficeint 0.0
Thu Aug 04 12:38:10 PDT 2016 INFO: --4th coefficeint 0.0
Thu Aug 04 12:38:10 PDT 2016 INFO: --5th coefficeint 0.0
Thu Aug 04 12:38:10 PDT 2016 INFO: --6th coefficeint 1.0
Thu Aug 04 12:38:10 PDT 2016 INFO: --7th coefficeint 2.0
Thu Aug 04 12:38:10 PDT 2016 INFO: --8th coefficeint 3.0
Thu Aug 04 12:38:10 PDT 2016 INFO: --9th coefficeint 4.0
Thu Aug 04 12:38:10 PDT 2016 INFO: --10th coefficeint 5.0
Thu Aug 04 12:38:10 PDT 2016 INFO: --11th coefficeint 6.0
Thu Aug 04 12:38:11 PDT 2016 FINE: Successfully Loaded cal.bin file
Thu Aug 04 12:38:11 PDT 2016 FINE: Loading the data.bin file...
Thu Aug 04 12:38:11 PDT 2016 INFO: Starting PatientProcessingFrame.processDataFile()
Thu Aug 04 12:38:11 PDT 2016 FINE: Found error12
Thu Aug 04 12:38:11 PDT 2016 FINE: Session StartHeader 12
Thu Aug 04 12:38:11 PDT 2016 FINE: lengthOfSession 1395269
Thu Aug 04 12:38:11 PDT 2016 FINE: Resistive Samples 184476
Thu Aug 04 12:38:11 PDT 2016 FINE: Resistive Pages 1098
Thu Aug 04 12:38:11 PDT 2016 FINE: Resistive Page Size 254
Thu Aug 04 12:38:11 PDT 2016 FINE: Last Resistive Page Size 20
Thu Aug 04 12:38:11 PDT 2016 FINE: Acceleration Samples 184476
Thu Aug 04 12:38:11 PDT 2016 FINE: Acceleration Pages 2365
Thu Aug 04 12:38:11 PDT 2016 FINE: Acceleration Page Size 236
Thu Aug 04 12:38:11 PDT 2016 FINE: Last Acceleration Page Size 20
Thu Aug 04 12:38:11 PDT 2016 FINE: Gyro Samples 92238
Thu Aug 04 12:38:11 PDT 2016 FINE: Gyro Pages 2365
Thu Aug 04 12:38:11 PDT 2016 FINE: Gyro Page Size 236
Thu Aug 04 12:38:11 PDT 2016 FINE: Last Gyro Page Size 20
Thu Aug 04 12:38:11 PDT 2016 FINE: Patient Marker Num 1
Thu Aug 04 12:38:11 PDT 2016 FINE: Restart Marker 0
Thu Aug 04 12:38:11 PDT 2016 FINE: Crc 63550
Thu Aug 04 12:38:11 PDT 2016 FINE: checking clockwise Resistive data match success: true
Thu Aug 04 12:38:11 PDT 2016 FINE: checking clockwise Resistive data match success: true
Thu Aug 04 12:38:11 PDT 2016 FINE: Actual acceleration page size: 184476
Thu Aug 04 12:38:11 PDT 2016 FINE: checking Acceleration data match success: 184476
Thu Aug 04 12:38:11 PDT 2016 FINE: checking gyro data match success: true
Thu Aug 04 12:38:11 PDT 2016 FINE: patientMarkerSampleIndex4294967295
Thu Aug 04 12:38:11 PDT 2016 FINE: restartSampleIndex4294967295
Thu Aug 04 12:38:11 PDT 2016 FINE: Completed PatientProcessingFrame.processDataFile()
Thu Aug 04 12:38:11 PDT 2016 FINE: Successfully Loaded data.bin file
Thu Aug 04 12:38:11 PDT 2016 FINE: Loading the notes.txt file...
Thu Aug 04 12:38:11 PDT 2016 FINE: Starting PatientProcessingFrame.processAnswers()
Thu Aug 04 12:38:11 PDT 2016 FINE: Ending PatientProcessingFrame.processAnswers()
Thu Aug 04 12:38:11 PDT 2016 FINE: Successfully Loaded notes.txt file
Thu Aug 04 12:38:11 PDT 2016 FINE: Loading the photo.jpg file...
Thu Aug 04 12:38:11 PDT 2016 FINE: Successfully Loaded photo.jpg file
Thu Aug 04 12:38:11 PDT 2016 FINE: Done
Thu Aug 04 12:38:11 PDT 2016 FINE: Time for processing incoming file 621
Thu Aug 04 12:38:11 PDT 2016 INFO: Loading from Database for sensorID...20121
Thu Aug 04 12:38:12 PDT 2016 FINE: Weeks177
Thu Aug 04 12:38:12 PDT 2016 FINE: Time for fetching from database 697
Thu Aug 04 12:38:25 PDT 2016 FINE: Starting the phase to get SensorData
Thu Aug 04 12:38:29 PDT 2016 FINE: Completed to fetch SensorData
Thu Aug 04 12:38:29 PDT 2016 FINE: Time for CalibrateData 430
Thu Aug 04 12:39:31 PDT 2016 FINE: Time for ClassifyData 62088
Thu Aug 04 12:39:32 PDT 2016 INFO: Time for Excursions 393
Thu Aug 04 12:39:32 PDT 2016 FINE: Max Flexion 109
Thu Aug 04 12:39:32 PDT 2016 FINE: Max Extension 20
Thu Aug 04 12:39:32 PDT 2016 FINE: Excursions per hour 2564
Thu Aug 04 12:39:32 PDT 2016 FINE: Modal Exursions 48
Thu Aug 04 12:39:32 PDT 2016 FINE: Time taken by Matlab execution 79971
Thu Aug 04 12:39:32 PDT 2016 INFO: Generating the PDF Report...
Thu Aug 04 12:39:32 PDT 2016 FINE: AlertNorms Values 18.25 Y Y Y 5.0 5.0 N Y Y
Thu Aug 04 12:39:32 PDT 2016 FINE: Printing the alerts
Thu Aug 04 12:39:32 PDT 2016 FINE: Pain rating outside normal limits
Thu Aug 04 12:39:32 PDT 2016 FINE: Patient Stability below Normal
Thu Aug 04 12:39:32 PDT 2016 FINE: Trouble while Negotiating Stairs
Thu Aug 04 12:39:32 PDT 2016 FINE: Patient not performing exercises
Thu Aug 04 12:39:32 PDT 2016 FINE: Walking has decreased
Thu Aug 04 12:39:32 PDT 2016 FINE: Patient Reduced Bike usage
Thu Aug 04 12:39:32 PDT 2016 FINE: Completed Alert Strings
Thu Aug 04 12:39:32 PDT 2016 FINE: Time to generate the report file 461
Thu Aug 04 12:39:32 PDT 2016 INFO: Not saving the report as previous report of the same week exists
Thu Aug 04 12:39:32 PDT 2016 FINE: Time to save report 24
Thu Aug 04 12:39:32 PDT 2016 INFO: Completed the call
Thu Aug 04 12:39:32 PDT 2016 FINE: Total time taken is 81775
Thu Aug 04 12:39:32 PDT 2016 INFO:  Successfully executed 
